<?xml version="1.0" encoding="UTF-8"?>
<!-- Generated by org.testng.reporters.JUnitXMLReporter -->
<testsuite hostname="Sai" ignored="0" name="Default test" tests="4" failures="0" timestamp="2020-05-31T21:42:39 IST" time="35.608" errors="0">
  <testcase name="reg" time="5.795" classname="nancy.Except"/>
  <testcase name="testLogin" time="1.923" classname="nancy.Except"/>
  <testcase name="testCart" time="6.677" classname="nancy.Except"/>
  <testcase name="testPayment" time="6.913" classname="nancy.Except"/>
</testsuite> <!-- Default test -->
